<?xml version="1.0" encoding="UTF-8"?>
<testsuite name="project3.com.example.rest_service.RestServiceApplicationTests" tests="1" skipped="0" failures="0" errors="0" timestamp="2025-10-29T14:36:09.365Z" hostname="codespaces-0ca638" time="0.011">
  <properties/>
  <testcase name="contextLoads()" classname="project3.com.example.rest_service.RestServiceApplicationTests" time="0.011"/>
  <system-out><![CDATA[2025-10-29T14:36:06.083Z  INFO 3606 --- [rest-service] [    Test worker] t.c.s.AnnotationConfigContextLoaderUtils : Could not detect default configuration classes for test class [project3.com.example.rest_service.RestServiceApplicationTests]: RestServiceApplicationTests does not declare any static, non-private, non-final, nested classes annotated with @Configuration.
2025-10-29T14:36:06.087Z  INFO 3606 --- [rest-service] [    Test worker] .b.t.c.SpringBootTestContextBootstrapper : Found @SpringBootConfiguration project3.com.example.rest_service.RestServiceApplication for test class project3.com.example.rest_service.RestServiceApplicationTests
2025-10-29T14:36:06.116Z  INFO 3606 --- [rest-service] [    Test worker] m.p.springdotenv.DotenvPropertySource    : Initialized Dotenv with DotenvConfig{directory=null, filename=null, ignoreIfMalformed=false, ignoreIfMissing=true, systemProperties=false, prefix=null}

  .   ____          _            __ _ _
 /\\ / ___'_ __ _ _(_)_ __  __ _ \ \ \ \
( ( )\___ | '_ | '_| | '_ \/ _` | \ \ \ \
 \\/  ___)| |_)| | | | | || (_| |  ) ) ) )
  '  |____| .__|_| |_|_| |_\__, | / / / /
 =========|_|==============|___/=/_/_/_/

 :: Spring Boot ::                (v3.5.7)

2025-10-29T14:36:06.187Z  INFO 3606 --- [rest-service] [    Test worker] p.c.e.r.RestServiceApplicationTests      : Starting RestServiceApplicationTests using Java 17.0.16 with PID 3606 (started by vscode in /workspaces/Project-3-Backend)
2025-10-29T14:36:06.189Z  INFO 3606 --- [rest-service] [    Test worker] p.c.e.r.RestServiceApplicationTests      : The following 1 profile is active: "test"
2025-10-29T14:36:06.567Z  INFO 3606 --- [rest-service] [    Test worker] .s.d.r.c.RepositoryConfigurationDelegate : Bootstrapping Spring Data JPA repositories in DEFAULT mode.
2025-10-29T14:36:06.612Z  INFO 3606 --- [rest-service] [    Test worker] .s.d.r.c.RepositoryConfigurationDelegate : Finished Spring Data repository scanning in 30 ms. Found 1 JPA repository interface.
2025-10-29T14:36:06.960Z  INFO 3606 --- [rest-service] [    Test worker] o.hibernate.jpa.internal.util.LogHelper  : HHH000204: Processing PersistenceUnitInfo [name: default]
2025-10-29T14:36:07.017Z  INFO 3606 --- [rest-service] [    Test worker] org.hibernate.Version                    : HHH000412: Hibernate ORM core version 6.6.33.Final
2025-10-29T14:36:07.049Z  INFO 3606 --- [rest-service] [    Test worker] o.h.c.internal.RegionFactoryInitiator    : HHH000026: Second-level cache disabled
2025-10-29T14:36:07.174Z  INFO 3606 --- [rest-service] [    Test worker] o.s.o.j.p.SpringPersistenceUnitInfo      : No LoadTimeWeaver setup: ignoring JPA class transformer
2025-10-29T14:36:07.239Z  INFO 3606 --- [rest-service] [    Test worker] com.zaxxer.hikari.HikariDataSource       : HikariPool-1 - Starting...
2025-10-29T14:36:07.438Z  INFO 3606 --- [rest-service] [    Test worker] com.zaxxer.hikari.pool.HikariPool        : HikariPool-1 - Added connection conn0: url=jdbc:h2:mem:testdb user=SA
2025-10-29T14:36:07.454Z  INFO 3606 --- [rest-service] [    Test worker] com.zaxxer.hikari.HikariDataSource       : HikariPool-1 - Start completed.
2025-10-29T14:36:07.507Z  WARN 3606 --- [rest-service] [    Test worker] org.hibernate.orm.deprecation            : HHH90000025: H2Dialect does not need to be specified explicitly using 'hibernate.dialect' (remove the property setting and it will be selected by default)
2025-10-29T14:36:07.560Z  INFO 3606 --- [rest-service] [    Test worker] org.hibernate.orm.connections.pooling    : HHH10001005: Database info:
	Database JDBC URL [Connecting through datasource 'HikariDataSource (HikariPool-1)']
	Database driver: undefined/unknown
	Database version: 2.3.232
	Autocommit mode: undefined/unknown
	Isolation level: undefined/unknown
	Minimum pool size: undefined/unknown
	Maximum pool size: undefined/unknown
2025-10-29T14:36:08.546Z  INFO 3606 --- [rest-service] [    Test worker] o.h.e.t.j.p.i.JtaPlatformInitiator       : HHH000489: No JTA platform available (set 'hibernate.transaction.jta.platform' to enable JTA platform integration)
2025-10-29T14:36:08.585Z  INFO 3606 --- [rest-service] [    Test worker] j.LocalContainerEntityManagerFactoryBean : Initialized JPA EntityManagerFactory for persistence unit 'default'
2025-10-29T14:36:09.073Z  WARN 3606 --- [rest-service] [    Test worker] JpaBaseConfiguration$JpaWebConfiguration : spring.jpa.open-in-view is enabled by default. Therefore, database queries may be performed during view rendering. Explicitly configure spring.jpa.open-in-view to disable this warning
2025-10-29T14:36:09.361Z  INFO 3606 --- [rest-service] [    Test worker] p.c.e.r.RestServiceApplicationTests      : Started RestServiceApplicationTests in 3.264 seconds (process running for 8.246)
]]></system-out>
  <system-err><![CDATA[]]></system-err>
</testsuite>
