<?xml version="1.0" encoding="UTF-8"?>
<testsuite name="project3.com.example.rest_service.HomeControllerTest" tests="1" skipped="0" failures="0" errors="0" timestamp="2025-10-31T21:23:52.269Z" hostname="austin-hplaptop15zef2xxx" time="0.521">
  <properties/>
  <testcase name="homeReturnsWelcomeMessage()" classname="project3.com.example.rest_service.HomeControllerTest" time="0.521"/>
  <system-out><![CDATA[14:23:47.082 [Test worker] INFO org.springframework.test.context.support.AnnotationConfigContextLoaderUtils -- Could not detect default configuration classes for test class [project3.com.example.rest_service.HomeControllerTest]: HomeControllerTest does not declare any static, non-private, non-final, nested classes annotated with @Configuration.
14:23:47.249 [Test worker] INFO org.springframework.boot.test.context.SpringBootTestContextBootstrapper -- Found @SpringBootConfiguration project3.com.example.rest_service.RestServiceApplication for test class project3.com.example.rest_service.HomeControllerTest

  .   ____          _            __ _ _
 /\\ / ___'_ __ _ _(_)_ __  __ _ \ \ \ \
( ( )\___ | '_ | '_| | '_ \/ _` | \ \ \ \
 \\/  ___)| |_)| | | | | || (_| |  ) ) ) )
  '  |____| .__|_| |_|_| |_\__, | / / / /
 =========|_|==============|___/=/_/_/_/

 :: Spring Boot ::                (v3.5.7)

2025-10-31T14:23:47.826-07:00  INFO 332703 --- [rest-service] [    Test worker] p.c.e.rest_service.HomeControllerTest    : Starting HomeControllerTest using Java 17.0.16 with PID 332703 (started by austinm in /home/austinm/development/Project-3-Backend)
2025-10-31T14:23:47.828-07:00  INFO 332703 --- [rest-service] [    Test worker] p.c.e.rest_service.HomeControllerTest    : The following 1 profile is active: "test"
2025-10-31T14:23:48.743-07:00  INFO 332703 --- [rest-service] [    Test worker] .s.d.r.c.RepositoryConfigurationDelegate : Bootstrapping Spring Data JPA repositories in DEFAULT mode.
2025-10-31T14:23:48.803-07:00  INFO 332703 --- [rest-service] [    Test worker] .s.d.r.c.RepositoryConfigurationDelegate : Finished Spring Data repository scanning in 49 ms. Found 1 JPA repository interface.
2025-10-31T14:23:49.499-07:00  INFO 332703 --- [rest-service] [    Test worker] o.hibernate.jpa.internal.util.LogHelper  : HHH000204: Processing PersistenceUnitInfo [name: default]
2025-10-31T14:23:49.554-07:00  INFO 332703 --- [rest-service] [    Test worker] org.hibernate.Version                    : HHH000412: Hibernate ORM core version 6.6.33.Final
2025-10-31T14:23:49.590-07:00  INFO 332703 --- [rest-service] [    Test worker] o.h.c.internal.RegionFactoryInitiator    : HHH000026: Second-level cache disabled
2025-10-31T14:23:49.886-07:00  INFO 332703 --- [rest-service] [    Test worker] o.s.o.j.p.SpringPersistenceUnitInfo      : No LoadTimeWeaver setup: ignoring JPA class transformer
2025-10-31T14:23:49.920-07:00  INFO 332703 --- [rest-service] [    Test worker] com.zaxxer.hikari.HikariDataSource       : HikariPool-1 - Starting...
2025-10-31T14:23:50.096-07:00  INFO 332703 --- [rest-service] [    Test worker] com.zaxxer.hikari.pool.HikariPool        : HikariPool-1 - Added connection conn0: url=jdbc:h2:mem:testdb user=SA
2025-10-31T14:23:50.098-07:00  INFO 332703 --- [rest-service] [    Test worker] com.zaxxer.hikari.HikariDataSource       : HikariPool-1 - Start completed.
2025-10-31T14:23:50.165-07:00  INFO 332703 --- [rest-service] [    Test worker] org.hibernate.orm.connections.pooling    : HHH10001005: Database info:
	Database JDBC URL [Connecting through datasource 'HikariDataSource (HikariPool-1)']
	Database driver: undefined/unknown
	Database version: 2.3.232
	Autocommit mode: undefined/unknown
	Isolation level: undefined/unknown
	Minimum pool size: undefined/unknown
	Maximum pool size: undefined/unknown
2025-10-31T14:23:50.896-07:00  INFO 332703 --- [rest-service] [    Test worker] o.h.e.t.j.p.i.JtaPlatformInitiator       : HHH000489: No JTA platform available (set 'hibernate.transaction.jta.platform' to enable JTA platform integration)
Hibernate: create table users (user_id integer generated by default as identity, email varchar(144) not null, google_id varchar(1000), name varchar(64) not null, password_hash varchar(80) not null, primary key (user_id))
Hibernate: alter table if exists users drop constraint if exists UK6dotkott2kjsp8vw4d0m25fb7
Hibernate: alter table if exists users add constraint UK6dotkott2kjsp8vw4d0m25fb7 unique (email)
Hibernate: alter table if exists users drop constraint if exists UKovh8xmu9ac27t18m56gri58i1
Hibernate: alter table if exists users add constraint UKovh8xmu9ac27t18m56gri58i1 unique (google_id)
2025-10-31T14:23:50.958-07:00  INFO 332703 --- [rest-service] [    Test worker] j.LocalContainerEntityManagerFactoryBean : Initialized JPA EntityManagerFactory for persistence unit 'default'
2025-10-31T14:23:51.328-07:00  WARN 332703 --- [rest-service] [    Test worker] JpaBaseConfiguration$JpaWebConfiguration : spring.jpa.open-in-view is enabled by default. Therefore, database queries may be performed during view rendering. Explicitly configure spring.jpa.open-in-view to disable this warning
2025-10-31T14:23:51.471-07:00  INFO 332703 --- [rest-service] [    Test worker] r$InitializeUserDetailsManagerConfigurer : Global AuthenticationManager configured with UserDetailsService bean with name inMemoryUserDetailsManager
2025-10-31T14:23:52.207-07:00  INFO 332703 --- [rest-service] [    Test worker] o.s.b.t.m.w.SpringBootMockServletContext : Initializing Spring TestDispatcherServlet ''
2025-10-31T14:23:52.207-07:00  INFO 332703 --- [rest-service] [    Test worker] o.s.t.web.servlet.TestDispatcherServlet  : Initializing Servlet ''
2025-10-31T14:23:52.209-07:00  INFO 332703 --- [rest-service] [    Test worker] o.s.t.web.servlet.TestDispatcherServlet  : Completed initialization in 1 ms
2025-10-31T14:23:52.252-07:00  INFO 332703 --- [rest-service] [    Test worker] p.c.e.rest_service.HomeControllerTest    : Started HomeControllerTest in 4.838 seconds (process running for 6.107)
]]></system-out>
  <system-err><![CDATA[]]></system-err>
</testsuite>
