<?xml version="1.0" encoding="UTF-8"?>
<testsuite name="project3.com.example.rest_service.HomeControllerTest" tests="1" skipped="0" failures="0" errors="0" timestamp="2025-10-29T14:36:05.164Z" hostname="codespaces-0ca638" time="0.908">
  <properties/>
  <testcase name="homeReturnsWelcomeMessage()" classname="project3.com.example.rest_service.HomeControllerTest" time="0.908"/>
  <system-out><![CDATA[14:36:02.667 [Test worker] INFO org.springframework.test.context.support.AnnotationConfigContextLoaderUtils -- Could not detect default configuration classes for test class [project3.com.example.rest_service.HomeControllerTest]: HomeControllerTest does not declare any static, non-private, non-final, nested classes annotated with @Configuration.
14:36:02.931 [Test worker] INFO org.springframework.boot.test.context.SpringBootTestContextBootstrapper -- Found @SpringBootConfiguration project3.com.example.rest_service.RestServiceApplication for test class project3.com.example.rest_service.HomeControllerTest

  .   ____          _            __ _ _
 /\\ / ___'_ __ _ _(_)_ __  __ _ \ \ \ \
( ( )\___ | '_ | '_| | '_ \/ _` | \ \ \ \
 \\/  ___)| |_)| | | | | || (_| |  ) ) ) )
  '  |____| .__|_| |_|_| |_\__, | / / / /
 =========|_|==============|___/=/_/_/_/

 :: Spring Boot ::                (v3.5.7)

2025-10-29T14:36:03.648Z  INFO 3606 --- [rest-service] [    Test worker] p.c.e.rest_service.HomeControllerTest    : Starting HomeControllerTest using Java 17.0.16 with PID 3606 (started by vscode in /workspaces/Project-3-Backend)
2025-10-29T14:36:03.652Z  INFO 3606 --- [rest-service] [    Test worker] p.c.e.rest_service.HomeControllerTest    : No active profile set, falling back to 1 default profile: "default"
2025-10-29T14:36:05.085Z  INFO 3606 --- [rest-service] [    Test worker] o.s.b.t.m.w.SpringBootMockServletContext : Initializing Spring TestDispatcherServlet ''
2025-10-29T14:36:05.085Z  INFO 3606 --- [rest-service] [    Test worker] o.s.t.web.servlet.TestDispatcherServlet  : Initializing Servlet ''
2025-10-29T14:36:05.089Z  INFO 3606 --- [rest-service] [    Test worker] o.s.t.web.servlet.TestDispatcherServlet  : Completed initialization in 3 ms
2025-10-29T14:36:05.147Z  INFO 3606 --- [rest-service] [    Test worker] p.c.e.rest_service.HomeControllerTest    : Started HomeControllerTest in 2.124 seconds (process running for 4.032)
]]></system-out>
  <system-err><![CDATA[]]></system-err>
</testsuite>
